[WRN][1497937066.8773126602] /home/joe/.dotfiles/antigen/antigen/bin/antigen.zsh:246
[WRN][1497937066.8773126602] -antigen-interactive-mode: cmdarg:file:file:file:shfunc:shfunc $_ANTIGEN_INTERACTIVE = 
[TRA][1497937066.8774380684] /home/joe/.dotfiles/antigen/antigen/bin/antigen.zsh:455
[TRA][1497937066.8774380684] Gonna create compdump file @ env-setup COMPDUMP
[TRA][1497937066.8774380684] TRACE
-antigen-env-setup
/home/joe/.dotfiles/antigen/antigen/bin/antigen.zsh
/home/joe/antigen.zsh
/home/joe/.zshrc
[TRA][1497937067.2425534725] /home/joe/.dotfiles/antigen/antigen/bin/antigen.zsh:809
[TRA][1497937067.2425534725] Called antigen-bundle with --loc=lib BUNDLE
[TRA][1497937067.2425534725] TRACE
antigen-bundle
-antigen-use-oh-my-zsh
antigen-use
antigen
/home/joe/.zshrc
[TRA][1497937068.3504667282] /home/joe/.dotfiles/antigen/antigen/bin/antigen.zsh:809
[TRA][1497937068.3504667282] Called antigen-bundle with zdharma/fast-syntax-highlighting BUNDLE
[TRA][1497937068.3504667282] TRACE
antigen-bundle
antigen
/home/joe/.sources/zsh/antigen.zsh
/home/joe/.zshrc
[TRA][1497937068.9246780872] /home/joe/.dotfiles/antigen/antigen/bin/antigen.zsh:809
[TRA][1497937068.9246780872] Called antigen-bundle with peterhurford/git-it-on.zsh BUNDLE
[TRA][1497937068.9246780872] TRACE
antigen-bundle
antigen
/home/joe/.sources/zsh/antigen.zsh
/home/joe/.zshrc
[TRA][1497937069.4270865917] /home/joe/.dotfiles/antigen/antigen/bin/antigen.zsh:809
[TRA][1497937069.4270865917] Called antigen-bundle with unixorn/git-extra-commands BUNDLE
[TRA][1497937069.4270865917] TRACE
antigen-bundle
antigen
/home/joe/.sources/zsh/antigen.zsh
/home/joe/.zshrc
[TRA][1497937070.0529787540] /home/joe/.dotfiles/antigen/antigen/bin/antigen.zsh:809
[TRA][1497937070.0529787540] Called antigen-bundle with tysonwolker/iterm-tab-colors BUNDLE
[TRA][1497937070.0529787540] TRACE
antigen-bundle
antigen
/home/joe/.sources/zsh/antigen.zsh
/home/joe/.zshrc
[TRA][1497937070.7495982647] /home/joe/.dotfiles/antigen/antigen/bin/antigen.zsh:809
[TRA][1497937070.7495982647] Called antigen-bundle with raymondjcox/hub-ci-zsh-plugin BUNDLE
[TRA][1497937070.7495982647] TRACE
antigen-bundle
antigen
/home/joe/.sources/zsh/antigen.zsh
/home/joe/.zshrc
[TRA][1497937071.2820799351] /home/joe/.dotfiles/antigen/antigen/bin/antigen.zsh:809
[TRA][1497937071.2820799351] Called antigen-bundle with supercrabtree/k BUNDLE
[TRA][1497937071.2820799351] TRACE
antigen-bundle
antigen
/home/joe/.sources/zsh/antigen.zsh
/home/joe/.zshrc
[TRA][1497937071.8474252224] /home/joe/.dotfiles/antigen/antigen/bin/antigen.zsh:809
[TRA][1497937071.8474252224] Called antigen-bundle with gko/listbox BUNDLE
[TRA][1497937071.8474252224] TRACE
antigen-bundle
antigen
/home/joe/.sources/zsh/antigen.zsh
/home/joe/.zshrc
[TRA][1497937072.4261002541] /home/joe/.dotfiles/antigen/antigen/bin/antigen.zsh:809
[TRA][1497937072.4261002541] Called antigen-bundle with david-treblig/locate-sublime-projects-cli BUNDLE
[TRA][1497937072.4261002541] TRACE
antigen-bundle
antigen
/home/joe/.sources/zsh/antigen.zsh
/home/joe/.zshrc
[TRA][1497937073.7559707165] /home/joe/.dotfiles/antigen/antigen/bin/antigen.zsh:809
[TRA][1497937073.7559707165] Called antigen-bundle with molovo/lumberjack BUNDLE
[TRA][1497937073.7559707165] TRACE
antigen-bundle
antigen
/home/joe/.sources/zsh/antigen.zsh
/home/joe/.zshrc
[TRA][1497937074.2816638947] /home/joe/.dotfiles/antigen/antigen/bin/antigen.zsh:809
[TRA][1497937074.2816638947] Called antigen-bundle with molovo/revolver BUNDLE
[TRA][1497937074.2816638947] TRACE
antigen-bundle
antigen
/home/joe/.sources/zsh/antigen.zsh
/home/joe/.zshrc
[TRA][1497937074.8296253681] /home/joe/.dotfiles/antigen/antigen/bin/antigen.zsh:809
[TRA][1497937074.8296253681] Called antigen-bundle with zlsun/solarized-man BUNDLE
[TRA][1497937074.8296253681] TRACE
antigen-bundle
antigen
/home/joe/.sources/zsh/antigen.zsh
/home/joe/.zshrc
[TRA][1497937075.3325338364] /home/joe/.dotfiles/antigen/antigen/bin/antigen.zsh:809
[TRA][1497937075.3325338364] Called antigen-bundle with gko/ssh-connect BUNDLE
[TRA][1497937075.3325338364] TRACE
antigen-bundle
antigen
/home/joe/.sources/zsh/antigen.zsh
/home/joe/.zshrc
[TRA][1497937076.4848704338] /home/joe/.dotfiles/antigen/antigen/bin/antigen.zsh:809
[TRA][1497937076.4848704338] Called antigen-bundle with aphelionz/strerror.plugin.zsh BUNDLE
[TRA][1497937076.4848704338] TRACE
antigen-bundle
antigen
/home/joe/.sources/zsh/antigen.zsh
/home/joe/.zshrc
[TRA][1497937077.0271205902] /home/joe/.dotfiles/antigen/antigen/bin/antigen.zsh:809
[TRA][1497937077.0271205902] Called antigen-bundle with chrissicool/zsh-256color BUNDLE
[TRA][1497937077.0271205902] TRACE
antigen-bundle
antigen
/home/joe/.sources/zsh/antigen.zsh
/home/joe/.zshrc
[TRA][1497937077.5380287170] /home/joe/.dotfiles/antigen/antigen/bin/antigen.zsh:809
[TRA][1497937077.5380287170] Called antigen-bundle with unixorn/tumult.plugin.zsh BUNDLE
[TRA][1497937077.5380287170] TRACE
antigen-bundle
antigen
/home/joe/.sources/zsh/antigen.zsh
/home/joe/.zshrc
[TRA][1497937078.2002549171] /home/joe/.dotfiles/antigen/antigen/bin/antigen.zsh:809
[TRA][1497937078.2002549171] Called antigen-bundle with peterhurford/up.zsh BUNDLE
[TRA][1497937078.2002549171] TRACE
antigen-bundle
antigen
/home/joe/.sources/zsh/antigen.zsh
/home/joe/.zshrc
[TRA][1497937078.7168297768] /home/joe/.dotfiles/antigen/antigen/bin/antigen.zsh:809
[TRA][1497937078.7168297768] Called antigen-bundle with caarlos0/zsh-open-pr BUNDLE
[TRA][1497937078.7168297768] TRACE
antigen-bundle
antigen
/home/joe/.sources/zsh/antigen.zsh
/home/joe/.zshrc
[TRA][1497937081.7786824703] /home/joe/.dotfiles/antigen/antigen/bin/antigen.zsh:809
[TRA][1497937081.7786824703] Called antigen-bundle with Tarrasch/zsh-functional BUNDLE
[TRA][1497937081.7786824703] TRACE
antigen-bundle
antigen
/home/joe/.sources/zsh/antigen.zsh
/home/joe/.zshrc
[LOG][1497937082.5177378654] /home/joe/.dotfiles/antigen/antigen/bin/antigen.zsh:786
[LOG][1497937082.5177378654] Called antigen-apply
[TRA][1497937082.5178270340] /home/joe/.dotfiles/antigen/antigen/bin/antigen.zsh:790
[TRA][1497937082.5178270340] Gonna create compdump file @ apply COMPDUMP
[TRA][1497937082.5178270340] TRACE
antigen-apply
antigen
/home/joe/.zshrc
[WRN][1497937082.7028200626] /home/joe/.dotfiles/antigen/antigen/bin/antigen.zsh:246
[WRN][1497937082.7028200626] -antigen-interactive-mode: cmdarg:file:file:file:shfunc:shfunc $_ANTIGEN_INTERACTIVE = 
[TRA][1497937082.7029330730] /home/joe/.dotfiles/antigen/antigen/bin/antigen.zsh:455
[TRA][1497937082.7029330730] Gonna create compdump file @ env-setup COMPDUMP
[TRA][1497937082.7029330730] TRACE
-antigen-env-setup
/home/joe/.dotfiles/antigen/antigen/bin/antigen.zsh
/home/joe/antigen.zsh
/home/joe/.zshrc
[TRA][1497937082.8702411652] /home/joe/.dotfiles/antigen/antigen/bin/antigen.zsh:809
[TRA][1497937082.8702411652] Called antigen-bundle with --loc=lib BUNDLE
[TRA][1497937082.8702411652] TRACE
antigen-bundle
-antigen-use-oh-my-zsh
antigen-use
antigen
/home/joe/.zshrc
[TRA][1497937082.9654903412] /home/joe/.dotfiles/antigen/antigen/bin/antigen.zsh:809
[TRA][1497937082.9654903412] Called antigen-bundle with zdharma/fast-syntax-highlighting BUNDLE
[TRA][1497937082.9654903412] TRACE
antigen-bundle
antigen
/home/joe/.sources/zsh/antigen.zsh
/home/joe/.zshrc
[TRA][1497937082.9664139748] /home/joe/.dotfiles/antigen/antigen/bin/antigen.zsh:809
[TRA][1497937082.9664139748] Called antigen-bundle with peterhurford/git-it-on.zsh BUNDLE
[TRA][1497937082.9664139748] TRACE
antigen-bundle
antigen
/home/joe/.sources/zsh/antigen.zsh
/home/joe/.zshrc
[TRA][1497937082.9670972824] /home/joe/.dotfiles/antigen/antigen/bin/antigen.zsh:809
[TRA][1497937082.9670972824] Called antigen-bundle with unixorn/git-extra-commands BUNDLE
[TRA][1497937082.9670972824] TRACE
antigen-bundle
antigen
/home/joe/.sources/zsh/antigen.zsh
/home/joe/.zshrc
[TRA][1497937082.9678764343] /home/joe/.dotfiles/antigen/antigen/bin/antigen.zsh:809
[TRA][1497937082.9678764343] Called antigen-bundle with tysonwolker/iterm-tab-colors BUNDLE
[TRA][1497937082.9678764343] TRACE
antigen-bundle
antigen
/home/joe/.sources/zsh/antigen.zsh
/home/joe/.zshrc
[TRA][1497937082.9686186314] /home/joe/.dotfiles/antigen/antigen/bin/antigen.zsh:809
[TRA][1497937082.9686186314] Called antigen-bundle with raymondjcox/hub-ci-zsh-plugin BUNDLE
[TRA][1497937082.9686186314] TRACE
antigen-bundle
antigen
/home/joe/.sources/zsh/antigen.zsh
/home/joe/.zshrc
[TRA][1497937082.9692311287] /home/joe/.dotfiles/antigen/antigen/bin/antigen.zsh:809
[TRA][1497937082.9692311287] Called antigen-bundle with supercrabtree/k BUNDLE
[TRA][1497937082.9692311287] TRACE
antigen-bundle
antigen
/home/joe/.sources/zsh/antigen.zsh
/home/joe/.zshrc
[TRA][1497937082.9698150158] /home/joe/.dotfiles/antigen/antigen/bin/antigen.zsh:809
[TRA][1497937082.9698150158] Called antigen-bundle with gko/listbox BUNDLE
[TRA][1497937082.9698150158] TRACE
antigen-bundle
antigen
/home/joe/.sources/zsh/antigen.zsh
/home/joe/.zshrc
[TRA][1497937082.9704780579] /home/joe/.dotfiles/antigen/antigen/bin/antigen.zsh:809
[TRA][1497937082.9704780579] Called antigen-bundle with david-treblig/locate-sublime-projects-cli BUNDLE
[TRA][1497937082.9704780579] TRACE
antigen-bundle
antigen
/home/joe/.sources/zsh/antigen.zsh
/home/joe/.zshrc
[TRA][1497937082.9716243744] /home/joe/.dotfiles/antigen/antigen/bin/antigen.zsh:809
[TRA][1497937082.9716243744] Called antigen-bundle with molovo/lumberjack BUNDLE
[TRA][1497937082.9716243744] TRACE
antigen-bundle
antigen
/home/joe/.sources/zsh/antigen.zsh
/home/joe/.zshrc
[TRA][1497937082.9722361565] /home/joe/.dotfiles/antigen/antigen/bin/antigen.zsh:809
[TRA][1497937082.9722361565] Called antigen-bundle with molovo/revolver BUNDLE
[TRA][1497937082.9722361565] TRACE
antigen-bundle
antigen
/home/joe/.sources/zsh/antigen.zsh
/home/joe/.zshrc
[TRA][1497937082.9727730751] /home/joe/.dotfiles/antigen/antigen/bin/antigen.zsh:809
[TRA][1497937082.9727730751] Called antigen-bundle with zlsun/solarized-man BUNDLE
[TRA][1497937082.9727730751] TRACE
antigen-bundle
antigen
/home/joe/.sources/zsh/antigen.zsh
/home/joe/.zshrc
[TRA][1497937082.9733147621] /home/joe/.dotfiles/antigen/antigen/bin/antigen.zsh:809
[TRA][1497937082.9733147621] Called antigen-bundle with gko/ssh-connect BUNDLE
[TRA][1497937082.9733147621] TRACE
antigen-bundle
antigen
/home/joe/.sources/zsh/antigen.zsh
/home/joe/.zshrc
[TRA][1497937082.9738659859] /home/joe/.dotfiles/antigen/antigen/bin/antigen.zsh:809
[TRA][1497937082.9738659859] Called antigen-bundle with aphelionz/strerror.plugin.zsh BUNDLE
[TRA][1497937082.9738659859] TRACE
antigen-bundle
antigen
/home/joe/.sources/zsh/antigen.zsh
/home/joe/.zshrc
[TRA][1497937082.9744343758] /home/joe/.dotfiles/antigen/antigen/bin/antigen.zsh:809
[TRA][1497937082.9744343758] Called antigen-bundle with chrissicool/zsh-256color BUNDLE
[TRA][1497937082.9744343758] TRACE
antigen-bundle
antigen
/home/joe/.sources/zsh/antigen.zsh
/home/joe/.zshrc
[TRA][1497937082.9750823975] /home/joe/.dotfiles/antigen/antigen/bin/antigen.zsh:809
[TRA][1497937082.9750823975] Called antigen-bundle with unixorn/tumult.plugin.zsh BUNDLE
[TRA][1497937082.9750823975] TRACE
antigen-bundle
antigen
/home/joe/.sources/zsh/antigen.zsh
/home/joe/.zshrc
[TRA][1497937082.9757010937] /home/joe/.dotfiles/antigen/antigen/bin/antigen.zsh:809
[TRA][1497937082.9757010937] Called antigen-bundle with peterhurford/up.zsh BUNDLE
[TRA][1497937082.9757010937] TRACE
antigen-bundle
antigen
/home/joe/.sources/zsh/antigen.zsh
/home/joe/.zshrc
[TRA][1497937082.9762551785] /home/joe/.dotfiles/antigen/antigen/bin/antigen.zsh:809
[TRA][1497937082.9762551785] Called antigen-bundle with caarlos0/zsh-open-pr BUNDLE
[TRA][1497937082.9762551785] TRACE
antigen-bundle
antigen
/home/joe/.sources/zsh/antigen.zsh
/home/joe/.zshrc
[TRA][1497937082.9768295288] /home/joe/.dotfiles/antigen/antigen/bin/antigen.zsh:809
[TRA][1497937082.9768295288] Called antigen-bundle with Tarrasch/zsh-functional BUNDLE
[TRA][1497937082.9768295288] TRACE
antigen-bundle
antigen
/home/joe/.sources/zsh/antigen.zsh
/home/joe/.zshrc
[LOG][1497937082.9847548008] /home/joe/.dotfiles/antigen/antigen/bin/antigen.zsh:786
[LOG][1497937082.9847548008] Called antigen-apply
[TRA][1497937082.9848606586] /home/joe/.dotfiles/antigen/antigen/bin/antigen.zsh:790
[TRA][1497937082.9848606586] Gonna create compdump file @ apply COMPDUMP
[TRA][1497937082.9848606586] TRACE
antigen-apply
antigen
/home/joe/.zshrc
[WRN][1497937116.4635336399] /home/joe/.dotfiles/antigen/antigen/bin/antigen.zsh:246
[WRN][1497937116.4635336399] -antigen-interactive-mode: toplevel:file:file:shfunc:shfunc $_ANTIGEN_INTERACTIVE = 
[TRA][1497937116.4636147022] /home/joe/.dotfiles/antigen/antigen/bin/antigen.zsh:455
[TRA][1497937116.4636147022] Gonna create compdump file @ env-setup COMPDUMP
[TRA][1497937116.4636147022] TRACE
-antigen-env-setup
/home/joe/.dotfiles/antigen/antigen/bin/antigen.zsh
/home/joe/antigen.zsh
[WRN][1497937183.2315785885] /home/joe/.dotfiles/antigen/antigen/bin/antigen.zsh:246
[WRN][1497937183.2315785885] -antigen-interactive-mode: cmdarg:file:file:file:shfunc:shfunc $_ANTIGEN_INTERACTIVE = 
[TRA][1497937183.2316710949] /home/joe/.dotfiles/antigen/antigen/bin/antigen.zsh:455
[TRA][1497937183.2316710949] Gonna create compdump file @ env-setup COMPDUMP
[TRA][1497937183.2316710949] TRACE
-antigen-env-setup
/home/joe/.dotfiles/antigen/antigen/bin/antigen.zsh
/home/joe/antigen.zsh
/home/joe/.zshrc
[TRA][1497937183.3729147911] /home/joe/.dotfiles/antigen/antigen/bin/antigen.zsh:809
[TRA][1497937183.3729147911] Called antigen-bundle with --loc=lib BUNDLE
[TRA][1497937183.3729147911] TRACE
antigen-bundle
-antigen-use-oh-my-zsh
antigen-use
antigen
/home/joe/.zshrc
[TRA][1497937183.4836709499] /home/joe/.dotfiles/antigen/antigen/bin/antigen.zsh:809
[TRA][1497937183.4836709499] Called antigen-bundle with zdharma/fast-syntax-highlighting BUNDLE
[TRA][1497937183.4836709499] TRACE
antigen-bundle
antigen
/home/joe/.sources/zsh/antigen.zsh
/home/joe/.zshrc
[TRA][1497937183.4962537289] /home/joe/.dotfiles/antigen/antigen/bin/antigen.zsh:809
[TRA][1497937183.4962537289] Called antigen-bundle with peterhurford/git-it-on.zsh BUNDLE
[TRA][1497937183.4962537289] TRACE
antigen-bundle
antigen
/home/joe/.sources/zsh/antigen.zsh
/home/joe/.zshrc
[TRA][1497937183.4976789951] /home/joe/.dotfiles/antigen/antigen/bin/antigen.zsh:809
[TRA][1497937183.4976789951] Called antigen-bundle with unixorn/git-extra-commands BUNDLE
[TRA][1497937183.4976789951] TRACE
antigen-bundle
antigen
/home/joe/.sources/zsh/antigen.zsh
/home/joe/.zshrc
[TRA][1497937183.4999184608] /home/joe/.dotfiles/antigen/antigen/bin/antigen.zsh:809
[TRA][1497937183.4999184608] Called antigen-bundle with tysonwolker/iterm-tab-colors BUNDLE
[TRA][1497937183.4999184608] TRACE
antigen-bundle
antigen
/home/joe/.sources/zsh/antigen.zsh
/home/joe/.zshrc
[TRA][1497937183.6269161701] /home/joe/.dotfiles/antigen/antigen/bin/antigen.zsh:809
[TRA][1497937183.6269161701] Called antigen-bundle with raymondjcox/hub-ci-zsh-plugin BUNDLE
[TRA][1497937183.6269161701] TRACE
antigen-bundle
antigen
/home/joe/.sources/zsh/antigen.zsh
/home/joe/.zshrc
[TRA][1497937183.6277289391] /home/joe/.dotfiles/antigen/antigen/bin/antigen.zsh:809
[TRA][1497937183.6277289391] Called antigen-bundle with supercrabtree/k BUNDLE
[TRA][1497937183.6277289391] TRACE
antigen-bundle
antigen
/home/joe/.sources/zsh/antigen.zsh
/home/joe/.zshrc
[TRA][1497937183.6313958168] /home/joe/.dotfiles/antigen/antigen/bin/antigen.zsh:809
[TRA][1497937183.6313958168] Called antigen-bundle with gko/listbox BUNDLE
[TRA][1497937183.6313958168] TRACE
antigen-bundle
antigen
/home/joe/.sources/zsh/antigen.zsh
/home/joe/.zshrc
[TRA][1497937183.6324467659] /home/joe/.dotfiles/antigen/antigen/bin/antigen.zsh:809
[TRA][1497937183.6324467659] Called antigen-bundle with david-treblig/locate-sublime-projects-cli BUNDLE
[TRA][1497937183.6324467659] TRACE
antigen-bundle
antigen
/home/joe/.sources/zsh/antigen.zsh
/home/joe/.zshrc
[TRA][1497937183.6335136890] /home/joe/.dotfiles/antigen/antigen/bin/antigen.zsh:809
[TRA][1497937183.6335136890] Called antigen-bundle with molovo/lumberjack BUNDLE
[TRA][1497937183.6335136890] TRACE
antigen-bundle
antigen
/home/joe/.sources/zsh/antigen.zsh
/home/joe/.zshrc
[TRA][1497937183.6340785027] /home/joe/.dotfiles/antigen/antigen/bin/antigen.zsh:809
[TRA][1497937183.6340785027] Called antigen-bundle with molovo/revolver BUNDLE
[TRA][1497937183.6340785027] TRACE
antigen-bundle
antigen
/home/joe/.sources/zsh/antigen.zsh
/home/joe/.zshrc
[TRA][1497937183.6351065636] /home/joe/.dotfiles/antigen/antigen/bin/antigen.zsh:809
[TRA][1497937183.6351065636] Called antigen-bundle with zlsun/solarized-man BUNDLE
[TRA][1497937183.6351065636] TRACE
antigen-bundle
antigen
/home/joe/.sources/zsh/antigen.zsh
/home/joe/.zshrc
[TRA][1497937183.6363644600] /home/joe/.dotfiles/antigen/antigen/bin/antigen.zsh:809
[TRA][1497937183.6363644600] Called antigen-bundle with gko/ssh-connect BUNDLE
[TRA][1497937183.6363644600] TRACE
antigen-bundle
antigen
/home/joe/.sources/zsh/antigen.zsh
/home/joe/.zshrc
[TRA][1497937183.6386291981] /home/joe/.dotfiles/antigen/antigen/bin/antigen.zsh:809
[TRA][1497937183.6386291981] Called antigen-bundle with aphelionz/strerror.plugin.zsh BUNDLE
[TRA][1497937183.6386291981] TRACE
antigen-bundle
antigen
/home/joe/.sources/zsh/antigen.zsh
/home/joe/.zshrc
[TRA][1497937183.6393074989] /home/joe/.dotfiles/antigen/antigen/bin/antigen.zsh:809
[TRA][1497937183.6393074989] Called antigen-bundle with chrissicool/zsh-256color BUNDLE
[TRA][1497937183.6393074989] TRACE
antigen-bundle
antigen
/home/joe/.sources/zsh/antigen.zsh
/home/joe/.zshrc
[TRA][1497937183.6403546333] /home/joe/.dotfiles/antigen/antigen/bin/antigen.zsh:809
[TRA][1497937183.6403546333] Called antigen-bundle with unixorn/tumult.plugin.zsh BUNDLE
[TRA][1497937183.6403546333] TRACE
antigen-bundle
antigen
/home/joe/.sources/zsh/antigen.zsh
/home/joe/.zshrc
[TRA][1497937183.6428594589] /home/joe/.dotfiles/antigen/antigen/bin/antigen.zsh:809
[TRA][1497937183.6428594589] Called antigen-bundle with peterhurford/up.zsh BUNDLE
[TRA][1497937183.6428594589] TRACE
antigen-bundle
antigen
/home/joe/.sources/zsh/antigen.zsh
/home/joe/.zshrc
[TRA][1497937183.6435761452] /home/joe/.dotfiles/antigen/antigen/bin/antigen.zsh:809
[TRA][1497937183.6435761452] Called antigen-bundle with caarlos0/zsh-open-pr BUNDLE
[TRA][1497937183.6435761452] TRACE
antigen-bundle
antigen
/home/joe/.sources/zsh/antigen.zsh
/home/joe/.zshrc
[TRA][1497937183.6443507671] /home/joe/.dotfiles/antigen/antigen/bin/antigen.zsh:809
[TRA][1497937183.6443507671] Called antigen-bundle with Tarrasch/zsh-functional BUNDLE
[TRA][1497937183.6443507671] TRACE
antigen-bundle
antigen
/home/joe/.sources/zsh/antigen.zsh
/home/joe/.zshrc
[LOG][1497937183.6504504681] /home/joe/.dotfiles/antigen/antigen/bin/antigen.zsh:786
[LOG][1497937183.6504504681] Called antigen-apply
[TRA][1497937183.6505067348] /home/joe/.dotfiles/antigen/antigen/bin/antigen.zsh:790
[TRA][1497937183.6505067348] Gonna create compdump file @ apply COMPDUMP
[TRA][1497937183.6505067348] TRACE
antigen-apply
antigen
/home/joe/.zshrc
[WRN][1497937183.8376502991] /home/joe/.dotfiles/antigen/antigen/bin/antigen.zsh:246
[WRN][1497937183.8376502991] -antigen-interactive-mode: cmdarg:file:file:file:shfunc:shfunc $_ANTIGEN_INTERACTIVE = 
[TRA][1497937183.8377728462] /home/joe/.dotfiles/antigen/antigen/bin/antigen.zsh:455
[TRA][1497937183.8377728462] Gonna create compdump file @ env-setup COMPDUMP
[TRA][1497937183.8377728462] TRACE
-antigen-env-setup
/home/joe/.dotfiles/antigen/antigen/bin/antigen.zsh
/home/joe/antigen.zsh
/home/joe/.zshrc
[TRA][1497937183.9997088909] /home/joe/.dotfiles/antigen/antigen/bin/antigen.zsh:809
[TRA][1497937183.9997088909] Called antigen-bundle with --loc=lib BUNDLE
[TRA][1497937183.9997088909] TRACE
antigen-bundle
-antigen-use-oh-my-zsh
antigen-use
antigen
/home/joe/.zshrc
[TRA][1497937184.0842487812] /home/joe/.dotfiles/antigen/antigen/bin/antigen.zsh:809
[TRA][1497937184.0842487812] Called antigen-bundle with zdharma/fast-syntax-highlighting BUNDLE
[TRA][1497937184.0842487812] TRACE
antigen-bundle
antigen
/home/joe/.sources/zsh/antigen.zsh
/home/joe/.zshrc
[TRA][1497937184.0848546028] /home/joe/.dotfiles/antigen/antigen/bin/antigen.zsh:809
[TRA][1497937184.0848546028] Called antigen-bundle with peterhurford/git-it-on.zsh BUNDLE
[TRA][1497937184.0848546028] TRACE
antigen-bundle
antigen
/home/joe/.sources/zsh/antigen.zsh
/home/joe/.zshrc
[TRA][1497937184.0856220722] /home/joe/.dotfiles/antigen/antigen/bin/antigen.zsh:809
[TRA][1497937184.0856220722] Called antigen-bundle with unixorn/git-extra-commands BUNDLE
[TRA][1497937184.0856220722] TRACE
antigen-bundle
antigen
/home/joe/.sources/zsh/antigen.zsh
/home/joe/.zshrc
[TRA][1497937184.0862901211] /home/joe/.dotfiles/antigen/antigen/bin/antigen.zsh:809
[TRA][1497937184.0862901211] Called antigen-bundle with tysonwolker/iterm-tab-colors BUNDLE
[TRA][1497937184.0862901211] TRACE
antigen-bundle
antigen
/home/joe/.sources/zsh/antigen.zsh
/home/joe/.zshrc
[TRA][1497937184.0867908001] /home/joe/.dotfiles/antigen/antigen/bin/antigen.zsh:809
[TRA][1497937184.0867908001] Called antigen-bundle with raymondjcox/hub-ci-zsh-plugin BUNDLE
[TRA][1497937184.0867908001] TRACE
antigen-bundle
antigen
/home/joe/.sources/zsh/antigen.zsh
/home/joe/.zshrc
[TRA][1497937184.0871539116] /home/joe/.dotfiles/antigen/antigen/bin/antigen.zsh:809
[TRA][1497937184.0871539116] Called antigen-bundle with supercrabtree/k BUNDLE
[TRA][1497937184.0871539116] TRACE
antigen-bundle
antigen
/home/joe/.sources/zsh/antigen.zsh
/home/joe/.zshrc
[TRA][1497937184.0874910355] /home/joe/.dotfiles/antigen/antigen/bin/antigen.zsh:809
[TRA][1497937184.0874910355] Called antigen-bundle with gko/listbox BUNDLE
[TRA][1497937184.0874910355] TRACE
antigen-bundle
antigen
/home/joe/.sources/zsh/antigen.zsh
/home/joe/.zshrc
[TRA][1497937184.0879187584] /home/joe/.dotfiles/antigen/antigen/bin/antigen.zsh:809
[TRA][1497937184.0879187584] Called antigen-bundle with david-treblig/locate-sublime-projects-cli BUNDLE
[TRA][1497937184.0879187584] TRACE
antigen-bundle
antigen
/home/joe/.sources/zsh/antigen.zsh
/home/joe/.zshrc
[TRA][1497937184.0883305073] /home/joe/.dotfiles/antigen/antigen/bin/antigen.zsh:809
[TRA][1497937184.0883305073] Called antigen-bundle with molovo/lumberjack BUNDLE
[TRA][1497937184.0883305073] TRACE
antigen-bundle
antigen
/home/joe/.sources/zsh/antigen.zsh
/home/joe/.zshrc
[TRA][1497937184.0887112617] /home/joe/.dotfiles/antigen/antigen/bin/antigen.zsh:809
[TRA][1497937184.0887112617] Called antigen-bundle with molovo/revolver BUNDLE
[TRA][1497937184.0887112617] TRACE
antigen-bundle
antigen
/home/joe/.sources/zsh/antigen.zsh
/home/joe/.zshrc
[TRA][1497937184.0890440941] /home/joe/.dotfiles/antigen/antigen/bin/antigen.zsh:809
[TRA][1497937184.0890440941] Called antigen-bundle with zlsun/solarized-man BUNDLE
[TRA][1497937184.0890440941] TRACE
antigen-bundle
antigen
/home/joe/.sources/zsh/antigen.zsh
/home/joe/.zshrc
[TRA][1497937184.0893750191] /home/joe/.dotfiles/antigen/antigen/bin/antigen.zsh:809
[TRA][1497937184.0893750191] Called antigen-bundle with gko/ssh-connect BUNDLE
[TRA][1497937184.0893750191] TRACE
antigen-bundle
antigen
/home/joe/.sources/zsh/antigen.zsh
/home/joe/.zshrc
[TRA][1497937184.0897107124] /home/joe/.dotfiles/antigen/antigen/bin/antigen.zsh:809
[TRA][1497937184.0897107124] Called antigen-bundle with aphelionz/strerror.plugin.zsh BUNDLE
[TRA][1497937184.0897107124] TRACE
antigen-bundle
antigen
/home/joe/.sources/zsh/antigen.zsh
/home/joe/.zshrc
[TRA][1497937184.0900814533] /home/joe/.dotfiles/antigen/antigen/bin/antigen.zsh:809
[TRA][1497937184.0900814533] Called antigen-bundle with chrissicool/zsh-256color BUNDLE
[TRA][1497937184.0900814533] TRACE
antigen-bundle
antigen
/home/joe/.sources/zsh/antigen.zsh
/home/joe/.zshrc
[TRA][1497937184.0904543400] /home/joe/.dotfiles/antigen/antigen/bin/antigen.zsh:809
[TRA][1497937184.0904543400] Called antigen-bundle with unixorn/tumult.plugin.zsh BUNDLE
[TRA][1497937184.0904543400] TRACE
antigen-bundle
antigen
/home/joe/.sources/zsh/antigen.zsh
/home/joe/.zshrc
[TRA][1497937184.0908021927] /home/joe/.dotfiles/antigen/antigen/bin/antigen.zsh:809
[TRA][1497937184.0908021927] Called antigen-bundle with peterhurford/up.zsh BUNDLE
[TRA][1497937184.0908021927] TRACE
antigen-bundle
antigen
/home/joe/.sources/zsh/antigen.zsh
/home/joe/.zshrc
[TRA][1497937184.0911366940] /home/joe/.dotfiles/antigen/antigen/bin/antigen.zsh:809
[TRA][1497937184.0911366940] Called antigen-bundle with caarlos0/zsh-open-pr BUNDLE
[TRA][1497937184.0911366940] TRACE
antigen-bundle
antigen
/home/joe/.sources/zsh/antigen.zsh
/home/joe/.zshrc
[TRA][1497937184.0914816856] /home/joe/.dotfiles/antigen/antigen/bin/antigen.zsh:809
[TRA][1497937184.0914816856] Called antigen-bundle with Tarrasch/zsh-functional BUNDLE
[TRA][1497937184.0914816856] TRACE
antigen-bundle
antigen
/home/joe/.sources/zsh/antigen.zsh
/home/joe/.zshrc
[LOG][1497937184.0972502232] /home/joe/.dotfiles/antigen/antigen/bin/antigen.zsh:786
[LOG][1497937184.0972502232] Called antigen-apply
[TRA][1497937184.0973224640] /home/joe/.dotfiles/antigen/antigen/bin/antigen.zsh:790
[TRA][1497937184.0973224640] Gonna create compdump file @ apply COMPDUMP
[TRA][1497937184.0973224640] TRACE
antigen-apply
antigen
/home/joe/.zshrc
[WRN][1497937195.7064895630] /home/joe/.dotfiles/antigen/antigen/bin/antigen.zsh:246
[WRN][1497937195.7064895630] -antigen-interactive-mode: toplevel:file:file:file:shfunc:shfunc $_ANTIGEN_INTERACTIVE = 
[TRA][1497937195.7065615654] /home/joe/.dotfiles/antigen/antigen/bin/antigen.zsh:455
[TRA][1497937195.7065615654] Gonna create compdump file @ env-setup COMPDUMP
[TRA][1497937195.7065615654] TRACE
-antigen-env-setup
/home/joe/.dotfiles/antigen/antigen/bin/antigen.zsh
/home/joe/antigen.zsh
/home/joe/.zshrc
[TRA][1497937195.8667471409] /home/joe/.dotfiles/antigen/antigen/bin/antigen.zsh:809
[TRA][1497937195.8667471409] Called antigen-bundle with --loc=lib BUNDLE
[TRA][1497937195.8667471409] TRACE
antigen-bundle
-antigen-use-oh-my-zsh
antigen-use
antigen
/home/joe/.zshrc
[TRA][1497937195.9791555405] /home/joe/.dotfiles/antigen/antigen/bin/antigen.zsh:809
[TRA][1497937195.9791555405] Called antigen-bundle with zdharma/fast-syntax-highlighting BUNDLE
[TRA][1497937195.9791555405] TRACE
antigen-bundle
antigen
/home/joe/.sources/zsh/antigen.zsh
/home/joe/.zshrc
[TRA][1497937195.9921932220] /home/joe/.dotfiles/antigen/antigen/bin/antigen.zsh:809
[TRA][1497937195.9921932220] Called antigen-bundle with peterhurford/git-it-on.zsh BUNDLE
[TRA][1497937195.9921932220] TRACE
antigen-bundle
antigen
/home/joe/.sources/zsh/antigen.zsh
/home/joe/.zshrc
[TRA][1497937195.9934945107] /home/joe/.dotfiles/antigen/antigen/bin/antigen.zsh:809
[TRA][1497937195.9934945107] Called antigen-bundle with unixorn/git-extra-commands BUNDLE
[TRA][1497937195.9934945107] TRACE
antigen-bundle
antigen
/home/joe/.sources/zsh/antigen.zsh
/home/joe/.zshrc
[TRA][1497937195.9970304966] /home/joe/.dotfiles/antigen/antigen/bin/antigen.zsh:809
[TRA][1497937195.9970304966] Called antigen-bundle with tysonwolker/iterm-tab-colors BUNDLE
[TRA][1497937195.9970304966] TRACE
antigen-bundle
antigen
/home/joe/.sources/zsh/antigen.zsh
/home/joe/.zshrc
[TRA][1497937196.1158983707] /home/joe/.dotfiles/antigen/antigen/bin/antigen.zsh:809
[TRA][1497937196.1158983707] Called antigen-bundle with raymondjcox/hub-ci-zsh-plugin BUNDLE
[TRA][1497937196.1158983707] TRACE
antigen-bundle
antigen
/home/joe/.sources/zsh/antigen.zsh
/home/joe/.zshrc
[TRA][1497937196.1166512966] /home/joe/.dotfiles/antigen/antigen/bin/antigen.zsh:809
[TRA][1497937196.1166512966] Called antigen-bundle with supercrabtree/k BUNDLE
[TRA][1497937196.1166512966] TRACE
antigen-bundle
antigen
/home/joe/.sources/zsh/antigen.zsh
/home/joe/.zshrc
[TRA][1497937196.1215145588] /home/joe/.dotfiles/antigen/antigen/bin/antigen.zsh:809
[TRA][1497937196.1215145588] Called antigen-bundle with gko/listbox BUNDLE
[TRA][1497937196.1215145588] TRACE
antigen-bundle
antigen
/home/joe/.sources/zsh/antigen.zsh
/home/joe/.zshrc
[TRA][1497937196.1226701736] /home/joe/.dotfiles/antigen/antigen/bin/antigen.zsh:809
[TRA][1497937196.1226701736] Called antigen-bundle with david-treblig/locate-sublime-projects-cli BUNDLE
[TRA][1497937196.1226701736] TRACE
antigen-bundle
antigen
/home/joe/.sources/zsh/antigen.zsh
/home/joe/.zshrc
[TRA][1497937196.1237783432] /home/joe/.dotfiles/antigen/antigen/bin/antigen.zsh:809
[TRA][1497937196.1237783432] Called antigen-bundle with molovo/lumberjack BUNDLE
[TRA][1497937196.1237783432] TRACE
antigen-bundle
antigen
/home/joe/.sources/zsh/antigen.zsh
/home/joe/.zshrc
[TRA][1497937196.1243252754] /home/joe/.dotfiles/antigen/antigen/bin/antigen.zsh:809
[TRA][1497937196.1243252754] Called antigen-bundle with molovo/revolver BUNDLE
[TRA][1497937196.1243252754] TRACE
antigen-bundle
antigen
/home/joe/.sources/zsh/antigen.zsh
/home/joe/.zshrc
[TRA][1497937196.1248521805] /home/joe/.dotfiles/antigen/antigen/bin/antigen.zsh:809
[TRA][1497937196.1248521805] Called antigen-bundle with zlsun/solarized-man BUNDLE
[TRA][1497937196.1248521805] TRACE
antigen-bundle
antigen
/home/joe/.sources/zsh/antigen.zsh
/home/joe/.zshrc
[TRA][1497937196.1255545616] /home/joe/.dotfiles/antigen/antigen/bin/antigen.zsh:809
[TRA][1497937196.1255545616] Called antigen-bundle with gko/ssh-connect BUNDLE
[TRA][1497937196.1255545616] TRACE
antigen-bundle
antigen
/home/joe/.sources/zsh/antigen.zsh
/home/joe/.zshrc
[TRA][1497937196.1289756298] /home/joe/.dotfiles/antigen/antigen/bin/antigen.zsh:809
[TRA][1497937196.1289756298] Called antigen-bundle with aphelionz/strerror.plugin.zsh BUNDLE
[TRA][1497937196.1289756298] TRACE
antigen-bundle
antigen
/home/joe/.sources/zsh/antigen.zsh
/home/joe/.zshrc
[TRA][1497937196.1296486855] /home/joe/.dotfiles/antigen/antigen/bin/antigen.zsh:809
[TRA][1497937196.1296486855] Called antigen-bundle with chrissicool/zsh-256color BUNDLE
[TRA][1497937196.1296486855] TRACE
antigen-bundle
antigen
/home/joe/.sources/zsh/antigen.zsh
/home/joe/.zshrc
[TRA][1497937196.1304774284] /home/joe/.dotfiles/antigen/antigen/bin/antigen.zsh:809
[TRA][1497937196.1304774284] Called antigen-bundle with unixorn/tumult.plugin.zsh BUNDLE
[TRA][1497937196.1304774284] TRACE
antigen-bundle
antigen
/home/joe/.sources/zsh/antigen.zsh
/home/joe/.zshrc
[TRA][1497937196.1346366405] /home/joe/.dotfiles/antigen/antigen/bin/antigen.zsh:809
[TRA][1497937196.1346366405] Called antigen-bundle with peterhurford/up.zsh BUNDLE
[TRA][1497937196.1346366405] TRACE
antigen-bundle
antigen
/home/joe/.sources/zsh/antigen.zsh
/home/joe/.zshrc
[TRA][1497937196.1364359856] /home/joe/.dotfiles/antigen/antigen/bin/antigen.zsh:809
[TRA][1497937196.1364359856] Called antigen-bundle with caarlos0/zsh-open-pr BUNDLE
[TRA][1497937196.1364359856] TRACE
antigen-bundle
antigen
/home/joe/.sources/zsh/antigen.zsh
/home/joe/.zshrc
[TRA][1497937196.1374266148] /home/joe/.dotfiles/antigen/antigen/bin/antigen.zsh:809
[TRA][1497937196.1374266148] Called antigen-bundle with Tarrasch/zsh-functional BUNDLE
[TRA][1497937196.1374266148] TRACE
antigen-bundle
antigen
/home/joe/.sources/zsh/antigen.zsh
/home/joe/.zshrc
[LOG][1497937196.1449086666] /home/joe/.dotfiles/antigen/antigen/bin/antigen.zsh:786
[LOG][1497937196.1449086666] Called antigen-apply
[TRA][1497937196.1449685097] /home/joe/.dotfiles/antigen/antigen/bin/antigen.zsh:790
[TRA][1497937196.1449685097] Gonna create compdump file @ apply COMPDUMP
[TRA][1497937196.1449685097] TRACE
antigen-apply
antigen
/home/joe/.zshrc
[WRN][1497937215.6361434460] /home/joe/.dotfiles/antigen/antigen/bin/antigen.zsh:246
[WRN][1497937215.6361434460] -antigen-interactive-mode: toplevel:file:file:file:shfunc:shfunc $_ANTIGEN_INTERACTIVE = 
[TRA][1497937215.6362209320] /home/joe/.dotfiles/antigen/antigen/bin/antigen.zsh:455
[TRA][1497937215.6362209320] Gonna create compdump file @ env-setup COMPDUMP
[TRA][1497937215.6362209320] TRACE
-antigen-env-setup
/home/joe/.dotfiles/antigen/antigen/bin/antigen.zsh
/home/joe/antigen.zsh
/home/joe/.zshrc
[TRA][1497937215.6750545502] /home/joe/.dotfiles/antigen/antigen/bin/antigen.zsh:809
[TRA][1497937215.6750545502] Called antigen-bundle with --loc=lib BUNDLE
[TRA][1497937215.6750545502] TRACE
antigen-bundle
-antigen-use-oh-my-zsh
antigen-use
antigen
/home/joe/.zshrc
[TRA][1497937215.7695648670] /home/joe/.dotfiles/antigen/antigen/bin/antigen.zsh:809
[TRA][1497937215.7695648670] Called antigen-bundle with zdharma/fast-syntax-highlighting BUNDLE
[TRA][1497937215.7695648670] TRACE
antigen-bundle
antigen
/home/joe/.sources/zsh/antigen.zsh
/home/joe/.zshrc
[TRA][1497937215.7701129913] /home/joe/.dotfiles/antigen/antigen/bin/antigen.zsh:809
[TRA][1497937215.7701129913] Called antigen-bundle with peterhurford/git-it-on.zsh BUNDLE
[TRA][1497937215.7701129913] TRACE
antigen-bundle
antigen
/home/joe/.sources/zsh/antigen.zsh
/home/joe/.zshrc
[TRA][1497937215.7704968452] /home/joe/.dotfiles/antigen/antigen/bin/antigen.zsh:809
[TRA][1497937215.7704968452] Called antigen-bundle with unixorn/git-extra-commands BUNDLE
[TRA][1497937215.7704968452] TRACE
antigen-bundle
antigen
/home/joe/.sources/zsh/antigen.zsh
/home/joe/.zshrc
[TRA][1497937215.7708652020] /home/joe/.dotfiles/antigen/antigen/bin/antigen.zsh:809
[TRA][1497937215.7708652020] Called antigen-bundle with tysonwolker/iterm-tab-colors BUNDLE
[TRA][1497937215.7708652020] TRACE
antigen-bundle
antigen
/home/joe/.sources/zsh/antigen.zsh
/home/joe/.zshrc
[TRA][1497937215.7712538242] /home/joe/.dotfiles/antigen/antigen/bin/antigen.zsh:809
[TRA][1497937215.7712538242] Called antigen-bundle with raymondjcox/hub-ci-zsh-plugin BUNDLE
[TRA][1497937215.7712538242] TRACE
antigen-bundle
antigen
/home/joe/.sources/zsh/antigen.zsh
/home/joe/.zshrc
[TRA][1497937215.7717068195] /home/joe/.dotfiles/antigen/antigen/bin/antigen.zsh:809
[TRA][1497937215.7717068195] Called antigen-bundle with supercrabtree/k BUNDLE
[TRA][1497937215.7717068195] TRACE
antigen-bundle
antigen
/home/joe/.sources/zsh/antigen.zsh
/home/joe/.zshrc
[TRA][1497937215.7721543312] /home/joe/.dotfiles/antigen/antigen/bin/antigen.zsh:809
[TRA][1497937215.7721543312] Called antigen-bundle with gko/listbox BUNDLE
[TRA][1497937215.7721543312] TRACE
antigen-bundle
antigen
/home/joe/.sources/zsh/antigen.zsh
/home/joe/.zshrc
[TRA][1497937215.7725534439] /home/joe/.dotfiles/antigen/antigen/bin/antigen.zsh:809
[TRA][1497937215.7725534439] Called antigen-bundle with david-treblig/locate-sublime-projects-cli BUNDLE
[TRA][1497937215.7725534439] TRACE
antigen-bundle
antigen
/home/joe/.sources/zsh/antigen.zsh
/home/joe/.zshrc
[TRA][1497937215.7729551792] /home/joe/.dotfiles/antigen/antigen/bin/antigen.zsh:809
[TRA][1497937215.7729551792] Called antigen-bundle with molovo/lumberjack BUNDLE
[TRA][1497937215.7729551792] TRACE
antigen-bundle
antigen
/home/joe/.sources/zsh/antigen.zsh
/home/joe/.zshrc
[TRA][1497937215.7733240128] /home/joe/.dotfiles/antigen/antigen/bin/antigen.zsh:809
[TRA][1497937215.7733240128] Called antigen-bundle with molovo/revolver BUNDLE
[TRA][1497937215.7733240128] TRACE
antigen-bundle
antigen
/home/joe/.sources/zsh/antigen.zsh
/home/joe/.zshrc
[TRA][1497937215.7736885548] /home/joe/.dotfiles/antigen/antigen/bin/antigen.zsh:809
[TRA][1497937215.7736885548] Called antigen-bundle with zlsun/solarized-man BUNDLE
[TRA][1497937215.7736885548] TRACE
antigen-bundle
antigen
/home/joe/.sources/zsh/antigen.zsh
/home/joe/.zshrc
[TRA][1497937215.7740569115] /home/joe/.dotfiles/antigen/antigen/bin/antigen.zsh:809
[TRA][1497937215.7740569115] Called antigen-bundle with gko/ssh-connect BUNDLE
[TRA][1497937215.7740569115] TRACE
antigen-bundle
antigen
/home/joe/.sources/zsh/antigen.zsh
/home/joe/.zshrc
[TRA][1497937215.7745532990] /home/joe/.dotfiles/antigen/antigen/bin/antigen.zsh:809
[TRA][1497937215.7745532990] Called antigen-bundle with aphelionz/strerror.plugin.zsh BUNDLE
[TRA][1497937215.7745532990] TRACE
antigen-bundle
antigen
/home/joe/.sources/zsh/antigen.zsh
/home/joe/.zshrc
[TRA][1497937215.7749412060] /home/joe/.dotfiles/antigen/antigen/bin/antigen.zsh:809
[TRA][1497937215.7749412060] Called antigen-bundle with chrissicool/zsh-256color BUNDLE
[TRA][1497937215.7749412060] TRACE
antigen-bundle
antigen
/home/joe/.sources/zsh/antigen.zsh
/home/joe/.zshrc
[TRA][1497937215.7753160000] /home/joe/.dotfiles/antigen/antigen/bin/antigen.zsh:809
[TRA][1497937215.7753160000] Called antigen-bundle with unixorn/tumult.plugin.zsh BUNDLE
[TRA][1497937215.7753160000] TRACE
antigen-bundle
antigen
/home/joe/.sources/zsh/antigen.zsh
/home/joe/.zshrc
[TRA][1497937215.7757096291] /home/joe/.dotfiles/antigen/antigen/bin/antigen.zsh:809
[TRA][1497937215.7757096291] Called antigen-bundle with peterhurford/up.zsh BUNDLE
[TRA][1497937215.7757096291] TRACE
antigen-bundle
antigen
/home/joe/.sources/zsh/antigen.zsh
/home/joe/.zshrc
[TRA][1497937215.7760834694] /home/joe/.dotfiles/antigen/antigen/bin/antigen.zsh:809
[TRA][1497937215.7760834694] Called antigen-bundle with caarlos0/zsh-open-pr BUNDLE
[TRA][1497937215.7760834694] TRACE
antigen-bundle
antigen
/home/joe/.sources/zsh/antigen.zsh
/home/joe/.zshrc
[TRA][1497937215.7764446735] /home/joe/.dotfiles/antigen/antigen/bin/antigen.zsh:809
[TRA][1497937215.7764446735] Called antigen-bundle with Tarrasch/zsh-functional BUNDLE
[TRA][1497937215.7764446735] TRACE
antigen-bundle
antigen
/home/joe/.sources/zsh/antigen.zsh
/home/joe/.zshrc
[LOG][1497937215.7839961052] /home/joe/.dotfiles/antigen/antigen/bin/antigen.zsh:786
[LOG][1497937215.7839961052] Called antigen-apply
[TRA][1497937215.7840647697] /home/joe/.dotfiles/antigen/antigen/bin/antigen.zsh:790
[TRA][1497937215.7840647697] Gonna create compdump file @ apply COMPDUMP
[TRA][1497937215.7840647697] TRACE
antigen-apply
antigen
/home/joe/.zshrc
[WRN][1497937264.6612131596] /home/joe/.dotfiles/antigen/antigen/bin/antigen.zsh:246
[WRN][1497937264.6612131596] -antigen-interactive-mode: cmdarg:file:file:file:shfunc:shfunc $_ANTIGEN_INTERACTIVE = 
[TRA][1497937264.6612932682] /home/joe/.dotfiles/antigen/antigen/bin/antigen.zsh:455
[TRA][1497937264.6612932682] Gonna create compdump file @ env-setup COMPDUMP
[TRA][1497937264.6612932682] TRACE
-antigen-env-setup
/home/joe/.dotfiles/antigen/antigen/bin/antigen.zsh
/home/joe/antigen.zsh
/home/joe/.zshrc
[TRA][1497937264.8112890720] /home/joe/.dotfiles/antigen/antigen/bin/antigen.zsh:809
[TRA][1497937264.8112890720] Called antigen-bundle with --loc=lib BUNDLE
[TRA][1497937264.8112890720] TRACE
antigen-bundle
-antigen-use-oh-my-zsh
antigen-use
antigen
/home/joe/.zshrc
[TRA][1497937264.9259028435] /home/joe/.dotfiles/antigen/antigen/bin/antigen.zsh:809
[TRA][1497937264.9259028435] Called antigen-bundle with zdharma/fast-syntax-highlighting BUNDLE
[TRA][1497937264.9259028435] TRACE
antigen-bundle
antigen
/home/joe/.sources/zsh/antigen.zsh
/home/joe/.zshrc
[TRA][1497937264.9388821125] /home/joe/.dotfiles/antigen/antigen/bin/antigen.zsh:809
[TRA][1497937264.9388821125] Called antigen-bundle with peterhurford/git-it-on.zsh BUNDLE
[TRA][1497937264.9388821125] TRACE
antigen-bundle
antigen
/home/joe/.sources/zsh/antigen.zsh
/home/joe/.zshrc
[TRA][1497937264.9402463436] /home/joe/.dotfiles/antigen/antigen/bin/antigen.zsh:809
[TRA][1497937264.9402463436] Called antigen-bundle with unixorn/git-extra-commands BUNDLE
[TRA][1497937264.9402463436] TRACE
antigen-bundle
antigen
/home/joe/.sources/zsh/antigen.zsh
/home/joe/.zshrc
[TRA][1497937264.9424326420] /home/joe/.dotfiles/antigen/antigen/bin/antigen.zsh:809
[TRA][1497937264.9424326420] Called antigen-bundle with tysonwolker/iterm-tab-colors BUNDLE
[TRA][1497937264.9424326420] TRACE
antigen-bundle
antigen
/home/joe/.sources/zsh/antigen.zsh
/home/joe/.zshrc
[TRA][1497937265.0691537857] /home/joe/.dotfiles/antigen/antigen/bin/antigen.zsh:809
[TRA][1497937265.0691537857] Called antigen-bundle with raymondjcox/hub-ci-zsh-plugin BUNDLE
[TRA][1497937265.0691537857] TRACE
antigen-bundle
antigen
/home/joe/.sources/zsh/antigen.zsh
/home/joe/.zshrc
[TRA][1497937265.0702769756] /home/joe/.dotfiles/antigen/antigen/bin/antigen.zsh:809
[TRA][1497937265.0702769756] Called antigen-bundle with supercrabtree/k BUNDLE
[TRA][1497937265.0702769756] TRACE
antigen-bundle
antigen
/home/joe/.sources/zsh/antigen.zsh
/home/joe/.zshrc
[TRA][1497937265.0740830898] /home/joe/.dotfiles/antigen/antigen/bin/antigen.zsh:809
[TRA][1497937265.0740830898] Called antigen-bundle with gko/listbox BUNDLE
[TRA][1497937265.0740830898] TRACE
antigen-bundle
antigen
/home/joe/.sources/zsh/antigen.zsh
/home/joe/.zshrc
[TRA][1497937265.0751771927] /home/joe/.dotfiles/antigen/antigen/bin/antigen.zsh:809
[TRA][1497937265.0751771927] Called antigen-bundle with david-treblig/locate-sublime-projects-cli BUNDLE
[TRA][1497937265.0751771927] TRACE
antigen-bundle
antigen
/home/joe/.sources/zsh/antigen.zsh
/home/joe/.zshrc
[TRA][1497937265.0763120651] /home/joe/.dotfiles/antigen/antigen/bin/antigen.zsh:809
[TRA][1497937265.0763120651] Called antigen-bundle with molovo/lumberjack BUNDLE
[TRA][1497937265.0763120651] TRACE
antigen-bundle
antigen
/home/joe/.sources/zsh/antigen.zsh
/home/joe/.zshrc
[TRA][1497937265.0769007206] /home/joe/.dotfiles/antigen/antigen/bin/antigen.zsh:809
[TRA][1497937265.0769007206] Called antigen-bundle with molovo/revolver BUNDLE
[TRA][1497937265.0769007206] TRACE
antigen-bundle
antigen
/home/joe/.sources/zsh/antigen.zsh
/home/joe/.zshrc
[TRA][1497937265.0774753094] /home/joe/.dotfiles/antigen/antigen/bin/antigen.zsh:809
[TRA][1497937265.0774753094] Called antigen-bundle with zlsun/solarized-man BUNDLE
[TRA][1497937265.0774753094] TRACE
antigen-bundle
antigen
/home/joe/.sources/zsh/antigen.zsh
/home/joe/.zshrc
[TRA][1497937265.0782122612] /home/joe/.dotfiles/antigen/antigen/bin/antigen.zsh:809
[TRA][1497937265.0782122612] Called antigen-bundle with gko/ssh-connect BUNDLE
[TRA][1497937265.0782122612] TRACE
antigen-bundle
antigen
/home/joe/.sources/zsh/antigen.zsh
/home/joe/.zshrc
[TRA][1497937265.0803160667] /home/joe/.dotfiles/antigen/antigen/bin/antigen.zsh:809
[TRA][1497937265.0803160667] Called antigen-bundle with aphelionz/strerror.plugin.zsh BUNDLE
[TRA][1497937265.0803160667] TRACE
antigen-bundle
antigen
/home/joe/.sources/zsh/antigen.zsh
/home/joe/.zshrc
[TRA][1497937265.0810918808] /home/joe/.dotfiles/antigen/antigen/bin/antigen.zsh:809
[TRA][1497937265.0810918808] Called antigen-bundle with chrissicool/zsh-256color BUNDLE
[TRA][1497937265.0810918808] TRACE
antigen-bundle
antigen
/home/joe/.sources/zsh/antigen.zsh
/home/joe/.zshrc
[TRA][1497937265.0820102692] /home/joe/.dotfiles/antigen/antigen/bin/antigen.zsh:809
[TRA][1497937265.0820102692] Called antigen-bundle with unixorn/tumult.plugin.zsh BUNDLE
[TRA][1497937265.0820102692] TRACE
antigen-bundle
antigen
/home/joe/.sources/zsh/antigen.zsh
/home/joe/.zshrc
[TRA][1497937265.0852329731] /home/joe/.dotfiles/antigen/antigen/bin/antigen.zsh:809
[TRA][1497937265.0852329731] Called antigen-bundle with peterhurford/up.zsh BUNDLE
[TRA][1497937265.0852329731] TRACE
antigen-bundle
antigen
/home/joe/.sources/zsh/antigen.zsh
/home/joe/.zshrc
[TRA][1497937265.0864546299] /home/joe/.dotfiles/antigen/antigen/bin/antigen.zsh:809
[TRA][1497937265.0864546299] Called antigen-bundle with caarlos0/zsh-open-pr BUNDLE
[TRA][1497937265.0864546299] TRACE
antigen-bundle
antigen
/home/joe/.sources/zsh/antigen.zsh
/home/joe/.zshrc
[TRA][1497937265.0874850750] /home/joe/.dotfiles/antigen/antigen/bin/antigen.zsh:809
[TRA][1497937265.0874850750] Called antigen-bundle with Tarrasch/zsh-functional BUNDLE
[TRA][1497937265.0874850750] TRACE
antigen-bundle
antigen
/home/joe/.sources/zsh/antigen.zsh
/home/joe/.zshrc
[LOG][1497937265.0946929455] /home/joe/.dotfiles/antigen/antigen/bin/antigen.zsh:786
[LOG][1497937265.0946929455] Called antigen-apply
[TRA][1497937265.0947527885] /home/joe/.dotfiles/antigen/antigen/bin/antigen.zsh:790
[TRA][1497937265.0947527885] Gonna create compdump file @ apply COMPDUMP
[TRA][1497937265.0947527885] TRACE
antigen-apply
antigen
/home/joe/.zshrc
[WRN][1497937265.3327133656] /home/joe/.dotfiles/antigen/antigen/bin/antigen.zsh:246
[WRN][1497937265.3327133656] -antigen-interactive-mode: cmdarg:file:file:file:shfunc:shfunc $_ANTIGEN_INTERACTIVE = 
[TRA][1497937265.3328273296] /home/joe/.dotfiles/antigen/antigen/bin/antigen.zsh:455
[TRA][1497937265.3328273296] Gonna create compdump file @ env-setup COMPDUMP
[TRA][1497937265.3328273296] TRACE
-antigen-env-setup
/home/joe/.dotfiles/antigen/antigen/bin/antigen.zsh
/home/joe/antigen.zsh
/home/joe/.zshrc
[TRA][1497937265.5308358669] /home/joe/.dotfiles/antigen/antigen/bin/antigen.zsh:809
[TRA][1497937265.5308358669] Called antigen-bundle with --loc=lib BUNDLE
[TRA][1497937265.5308358669] TRACE
antigen-bundle
-antigen-use-oh-my-zsh
antigen-use
antigen
/home/joe/.zshrc
[TRA][1497937265.6246232986] /home/joe/.dotfiles/antigen/antigen/bin/antigen.zsh:809
[TRA][1497937265.6246232986] Called antigen-bundle with zdharma/fast-syntax-highlighting BUNDLE
[TRA][1497937265.6246232986] TRACE
antigen-bundle
antigen
/home/joe/.sources/zsh/antigen.zsh
/home/joe/.zshrc
[TRA][1497937265.6251893044] /home/joe/.dotfiles/antigen/antigen/bin/antigen.zsh:809
[TRA][1497937265.6251893044] Called antigen-bundle with peterhurford/git-it-on.zsh BUNDLE
[TRA][1497937265.6251893044] TRACE
antigen-bundle
antigen
/home/joe/.sources/zsh/antigen.zsh
/home/joe/.zshrc
[TRA][1497937265.6255652905] /home/joe/.dotfiles/antigen/antigen/bin/antigen.zsh:809
[TRA][1497937265.6255652905] Called antigen-bundle with unixorn/git-extra-commands BUNDLE
[TRA][1497937265.6255652905] TRACE
antigen-bundle
antigen
/home/joe/.sources/zsh/antigen.zsh
/home/joe/.zshrc
[TRA][1497937265.6259388924] /home/joe/.dotfiles/antigen/antigen/bin/antigen.zsh:809
[TRA][1497937265.6259388924] Called antigen-bundle with tysonwolker/iterm-tab-colors BUNDLE
[TRA][1497937265.6259388924] TRACE
antigen-bundle
antigen
/home/joe/.sources/zsh/antigen.zsh
/home/joe/.zshrc
[TRA][1497937265.6263124943] /home/joe/.dotfiles/antigen/antigen/bin/antigen.zsh:809
[TRA][1497937265.6263124943] Called antigen-bundle with raymondjcox/hub-ci-zsh-plugin BUNDLE
[TRA][1497937265.6263124943] TRACE
antigen-bundle
antigen
/home/joe/.sources/zsh/antigen.zsh
/home/joe/.zshrc
[TRA][1497937265.6266653538] /home/joe/.dotfiles/antigen/antigen/bin/antigen.zsh:809
[TRA][1497937265.6266653538] Called antigen-bundle with supercrabtree/k BUNDLE
[TRA][1497937265.6266653538] TRACE
antigen-bundle
antigen
/home/joe/.sources/zsh/antigen.zsh
/home/joe/.zshrc
[TRA][1497937265.6270000935] /home/joe/.dotfiles/antigen/antigen/bin/antigen.zsh:809
[TRA][1497937265.6270000935] Called antigen-bundle with gko/listbox BUNDLE
[TRA][1497937265.6270000935] TRACE
antigen-bundle
antigen
/home/joe/.sources/zsh/antigen.zsh
/home/joe/.zshrc
[TRA][1497937265.6273591518] /home/joe/.dotfiles/antigen/antigen/bin/antigen.zsh:809
[TRA][1497937265.6273591518] Called antigen-bundle with david-treblig/locate-sublime-projects-cli BUNDLE
[TRA][1497937265.6273591518] TRACE
antigen-bundle
antigen
/home/joe/.sources/zsh/antigen.zsh
/home/joe/.zshrc
[TRA][1497937265.6277861595] /home/joe/.dotfiles/antigen/antigen/bin/antigen.zsh:809
[TRA][1497937265.6277861595] Called antigen-bundle with molovo/lumberjack BUNDLE
[TRA][1497937265.6277861595] TRACE
antigen-bundle
antigen
/home/joe/.sources/zsh/antigen.zsh
/home/joe/.zshrc
[TRA][1497937265.6281330585] /home/joe/.dotfiles/antigen/antigen/bin/antigen.zsh:809
[TRA][1497937265.6281330585] Called antigen-bundle with molovo/revolver BUNDLE
[TRA][1497937265.6281330585] TRACE
antigen-bundle
antigen
/home/joe/.sources/zsh/antigen.zsh
/home/joe/.zshrc
[TRA][1497937265.6284611225] /home/joe/.dotfiles/antigen/antigen/bin/antigen.zsh:809
[TRA][1497937265.6284611225] Called antigen-bundle with zlsun/solarized-man BUNDLE
[TRA][1497937265.6284611225] TRACE
antigen-bundle
antigen
/home/joe/.sources/zsh/antigen.zsh
/home/joe/.zshrc
[TRA][1497937265.6287894249] /home/joe/.dotfiles/antigen/antigen/bin/antigen.zsh:809
[TRA][1497937265.6287894249] Called antigen-bundle with gko/ssh-connect BUNDLE
[TRA][1497937265.6287894249] TRACE
antigen-bundle
antigen
/home/joe/.sources/zsh/antigen.zsh
/home/joe/.zshrc
[TRA][1497937265.6291265488] /home/joe/.dotfiles/antigen/antigen/bin/antigen.zsh:809
[TRA][1497937265.6291265488] Called antigen-bundle with aphelionz/strerror.plugin.zsh BUNDLE
[TRA][1497937265.6291265488] TRACE
antigen-bundle
antigen
/home/joe/.sources/zsh/antigen.zsh
/home/joe/.zshrc
[TRA][1497937265.6295154095] /home/joe/.dotfiles/antigen/antigen/bin/antigen.zsh:809
[TRA][1497937265.6295154095] Called antigen-bundle with chrissicool/zsh-256color BUNDLE
[TRA][1497937265.6295154095] TRACE
antigen-bundle
antigen
/home/joe/.sources/zsh/antigen.zsh
/home/joe/.zshrc
[TRA][1497937265.6298882961] /home/joe/.dotfiles/antigen/antigen/bin/antigen.zsh:809
[TRA][1497937265.6298882961] Called antigen-bundle with unixorn/tumult.plugin.zsh BUNDLE
[TRA][1497937265.6298882961] TRACE
antigen-bundle
antigen
/home/joe/.sources/zsh/antigen.zsh
/home/joe/.zshrc
[TRA][1497937265.6302363873] /home/joe/.dotfiles/antigen/antigen/bin/antigen.zsh:809
[TRA][1497937265.6302363873] Called antigen-bundle with peterhurford/up.zsh BUNDLE
[TRA][1497937265.6302363873] TRACE
antigen-bundle
antigen
/home/joe/.sources/zsh/antigen.zsh
/home/joe/.zshrc
[TRA][1497937265.6305780411] /home/joe/.dotfiles/antigen/antigen/bin/antigen.zsh:809
[TRA][1497937265.6305780411] Called antigen-bundle with caarlos0/zsh-open-pr BUNDLE
[TRA][1497937265.6305780411] TRACE
antigen-bundle
antigen
/home/joe/.sources/zsh/antigen.zsh
/home/joe/.zshrc
[TRA][1497937265.6309206486] /home/joe/.dotfiles/antigen/antigen/bin/antigen.zsh:809
[TRA][1497937265.6309206486] Called antigen-bundle with Tarrasch/zsh-functional BUNDLE
[TRA][1497937265.6309206486] TRACE
antigen-bundle
antigen
/home/joe/.sources/zsh/antigen.zsh
/home/joe/.zshrc
[LOG][1497937265.6374549866] /home/joe/.dotfiles/antigen/antigen/bin/antigen.zsh:786
[LOG][1497937265.6374549866] Called antigen-apply
[TRA][1497937265.6375429630] /home/joe/.dotfiles/antigen/antigen/bin/antigen.zsh:790
[TRA][1497937265.6375429630] Gonna create compdump file @ apply COMPDUMP
[TRA][1497937265.6375429630] TRACE
antigen-apply
antigen
/home/joe/.zshrc
[WRN][1497937270.0227251053] /home/joe/.dotfiles/antigen/antigen/bin/antigen.zsh:246
[WRN][1497937270.0227251053] -antigen-interactive-mode: toplevel:file:file:file:shfunc:shfunc $_ANTIGEN_INTERACTIVE = 
[TRA][1497937270.0228006840] /home/joe/.dotfiles/antigen/antigen/bin/antigen.zsh:455
[TRA][1497937270.0228006840] Gonna create compdump file @ env-setup COMPDUMP
[TRA][1497937270.0228006840] TRACE
-antigen-env-setup
/home/joe/.dotfiles/antigen/antigen/bin/antigen.zsh
/home/joe/antigen.zsh
/home/joe/.zshrc
[TRA][1497937270.2604801655] /home/joe/.dotfiles/antigen/antigen/bin/antigen.zsh:809
[TRA][1497937270.2604801655] Called antigen-bundle with --loc=lib BUNDLE
[TRA][1497937270.2604801655] TRACE
antigen-bundle
-antigen-use-oh-my-zsh
antigen-use
antigen
/home/joe/.zshrc
[TRA][1497937270.3479642868] /home/joe/.dotfiles/antigen/antigen/bin/antigen.zsh:809
[TRA][1497937270.3479642868] Called antigen-bundle with zdharma/fast-syntax-highlighting BUNDLE
[TRA][1497937270.3479642868] TRACE
antigen-bundle
antigen
/home/joe/.sources/zsh/antigen.zsh
/home/joe/.zshrc
[TRA][1497937270.3485567570] /home/joe/.dotfiles/antigen/antigen/bin/antigen.zsh:809
[TRA][1497937270.3485567570] Called antigen-bundle with peterhurford/git-it-on.zsh BUNDLE
[TRA][1497937270.3485567570] TRACE
antigen-bundle
antigen
/home/joe/.sources/zsh/antigen.zsh
/home/joe/.zshrc
[TRA][1497937270.3489511013] /home/joe/.dotfiles/antigen/antigen/bin/antigen.zsh:809
[TRA][1497937270.3489511013] Called antigen-bundle with unixorn/git-extra-commands BUNDLE
[TRA][1497937270.3489511013] TRACE
antigen-bundle
antigen
/home/joe/.sources/zsh/antigen.zsh
/home/joe/.zshrc
[TRA][1497937270.3493547440] /home/joe/.dotfiles/antigen/antigen/bin/antigen.zsh:809
[TRA][1497937270.3493547440] Called antigen-bundle with tysonwolker/iterm-tab-colors BUNDLE
[TRA][1497937270.3493547440] TRACE
antigen-bundle
antigen
/home/joe/.sources/zsh/antigen.zsh
/home/joe/.zshrc
[TRA][1497937270.3497550488] /home/joe/.dotfiles/antigen/antigen/bin/antigen.zsh:809
[TRA][1497937270.3497550488] Called antigen-bundle with raymondjcox/hub-ci-zsh-plugin BUNDLE
[TRA][1497937270.3497550488] TRACE
antigen-bundle
antigen
/home/joe/.sources/zsh/antigen.zsh
/home/joe/.zshrc
[TRA][1497937270.3501267433] /home/joe/.dotfiles/antigen/antigen/bin/antigen.zsh:809
[TRA][1497937270.3501267433] Called antigen-bundle with supercrabtree/k BUNDLE
[TRA][1497937270.3501267433] TRACE
antigen-bundle
antigen
/home/joe/.sources/zsh/antigen.zsh
/home/joe/.zshrc
[TRA][1497937270.3514900208] /home/joe/.dotfiles/antigen/antigen/bin/antigen.zsh:809
[TRA][1497937270.3514900208] Called antigen-bundle with gko/listbox BUNDLE
[TRA][1497937270.3514900208] TRACE
antigen-bundle
antigen
/home/joe/.sources/zsh/antigen.zsh
/home/joe/.zshrc
[TRA][1497937270.3528435230] /home/joe/.dotfiles/antigen/antigen/bin/antigen.zsh:809
[TRA][1497937270.3528435230] Called antigen-bundle with david-treblig/locate-sublime-projects-cli BUNDLE
[TRA][1497937270.3528435230] TRACE
antigen-bundle
antigen
/home/joe/.sources/zsh/antigen.zsh
/home/joe/.zshrc
[TRA][1497937270.3535981178] /home/joe/.dotfiles/antigen/antigen/bin/antigen.zsh:809
[TRA][1497937270.3535981178] Called antigen-bundle with molovo/lumberjack BUNDLE
[TRA][1497937270.3535981178] TRACE
antigen-bundle
antigen
/home/joe/.sources/zsh/antigen.zsh
/home/joe/.zshrc
[TRA][1497937270.3542175293] /home/joe/.dotfiles/antigen/antigen/bin/antigen.zsh:809
[TRA][1497937270.3542175293] Called antigen-bundle with molovo/revolver BUNDLE
[TRA][1497937270.3542175293] TRACE
antigen-bundle
antigen
/home/joe/.sources/zsh/antigen.zsh
/home/joe/.zshrc
[TRA][1497937270.3548417091] /home/joe/.dotfiles/antigen/antigen/bin/antigen.zsh:809
[TRA][1497937270.3548417091] Called antigen-bundle with zlsun/solarized-man BUNDLE
[TRA][1497937270.3548417091] TRACE
antigen-bundle
antigen
/home/joe/.sources/zsh/antigen.zsh
/home/joe/.zshrc
[TRA][1497937270.3554584980] /home/joe/.dotfiles/antigen/antigen/bin/antigen.zsh:809
[TRA][1497937270.3554584980] Called antigen-bundle with gko/ssh-connect BUNDLE
[TRA][1497937270.3554584980] TRACE
antigen-bundle
antigen
/home/joe/.sources/zsh/antigen.zsh
/home/joe/.zshrc
[TRA][1497937270.3561155796] /home/joe/.dotfiles/antigen/antigen/bin/antigen.zsh:809
[TRA][1497937270.3561155796] Called antigen-bundle with aphelionz/strerror.plugin.zsh BUNDLE
[TRA][1497937270.3561155796] TRACE
antigen-bundle
antigen
/home/joe/.sources/zsh/antigen.zsh
/home/joe/.zshrc
[TRA][1497937270.3567605019] /home/joe/.dotfiles/antigen/antigen/bin/antigen.zsh:809
[TRA][1497937270.3567605019] Called antigen-bundle with chrissicool/zsh-256color BUNDLE
[TRA][1497937270.3567605019] TRACE
antigen-bundle
antigen
/home/joe/.sources/zsh/antigen.zsh
/home/joe/.zshrc
[TRA][1497937270.3573951721] /home/joe/.dotfiles/antigen/antigen/bin/antigen.zsh:809
[TRA][1497937270.3573951721] Called antigen-bundle with unixorn/tumult.plugin.zsh BUNDLE
[TRA][1497937270.3573951721] TRACE
antigen-bundle
antigen
/home/joe/.sources/zsh/antigen.zsh
/home/joe/.zshrc
[TRA][1497937270.3580155373] /home/joe/.dotfiles/antigen/antigen/bin/antigen.zsh:809
[TRA][1497937270.3580155373] Called antigen-bundle with peterhurford/up.zsh BUNDLE
[TRA][1497937270.3580155373] TRACE
antigen-bundle
antigen
/home/joe/.sources/zsh/antigen.zsh
/home/joe/.zshrc
[TRA][1497937270.3586292267] /home/joe/.dotfiles/antigen/antigen/bin/antigen.zsh:809
[TRA][1497937270.3586292267] Called antigen-bundle with caarlos0/zsh-open-pr BUNDLE
[TRA][1497937270.3586292267] TRACE
antigen-bundle
antigen
/home/joe/.sources/zsh/antigen.zsh
/home/joe/.zshrc
[TRA][1497937270.3592550755] /home/joe/.dotfiles/antigen/antigen/bin/antigen.zsh:809
[TRA][1497937270.3592550755] Called antigen-bundle with Tarrasch/zsh-functional BUNDLE
[TRA][1497937270.3592550755] TRACE
antigen-bundle
antigen
/home/joe/.sources/zsh/antigen.zsh
/home/joe/.zshrc
[LOG][1497937270.3696560860] /home/joe/.dotfiles/antigen/antigen/bin/antigen.zsh:786
[LOG][1497937270.3696560860] Called antigen-apply
[TRA][1497937270.3697502613] /home/joe/.dotfiles/antigen/antigen/bin/antigen.zsh:790
[TRA][1497937270.3697502613] Gonna create compdump file @ apply COMPDUMP
[TRA][1497937270.3697502613] TRACE
antigen-apply
antigen
/home/joe/.zshrc
