[Wed Jun 12 23:47:36 EDT 2013]--------------------------
/mnt/rosewill/Seeding/Game.of.Thrones.S03E10.HDTV.x264-EVOLVE/Game.of.Thrones.S03E10.HDTV.x264-EVOLVE.mp4 -> /mnt/caviar/Television/Game of Thrones/Game of Thrones S03/Game.of.Thrones.S03E10.HDTV.x264-EVOLVE.mp4
[Wed Jun 12 23:51:06 EDT 2013]--------------------------
/mnt/rosewill/Seeding/Game.of.Thrones.S03E10.HDTV.x264-EVOLVE/Game.of.Thrones.S03E10.HDTV.x264-EVOLVE.mp4 -> /mnt/caviar/Television/Game of Thrones/Game of Thrones S03/Game.of.Thrones.S03E10.HDTV.x264-EVOLVE.mp4
[Wed Jun 12 23:52:20 EDT 2013]--------------------------
/mnt/rosewill/Seeding/Game.of.Thrones.S03E10.HDTV.x264-EVOLVE/Game.of.Thrones.S03E10.HDTV.x264-EVOLVE.mp4 -> /mnt/caviar/Television/Game of Thrones/Game of Thrones S03/Game.of.Thrones.S03E10.HDTV.x264-EVOLVE.mp4
[Thu Jun 13 09:14:49 EDT 2013]--------------------------
/mnt/rosewill/Seeding/The.Soup.2013.06.12.HDTV.x264-SYS/the.soup.2013.06.12.hdtv.x264-sys.mp4 -> /mnt/caviar/Television/The Soup/the.soup.2013.06.12.hdtv.x264-sys.mp4
[Thu Jun 13 09:19:39 EDT 2013]--------------------------
/mnt/rosewill/Seeding/The.Soup.2013.06.12.HDTV.x264-SYS/the.soup.2013.06.12.hdtv.x264-sys.mp4 -> /mnt/caviar/Television/The Soup/the.soup.2013.06.12.hdtv.x264-sys.mp4
[Mon Jul  8 09:53:32 EDT 2013]--------------------------
/mnt/rosewill/Seeding/Dexter.S08E02.HDTV.x264-ASAP/Dexter.S08E02.HDTV.x264-ASAP.mp4 -> /mnt/caviar/Television/Dexter/Dexter S08/Dexter.S08E02.HDTV.x264-ASAP.mp4
[Mon Jul  8 09:59:26 EDT 2013]--------------------------
/mnt/rosewill/Seeding/Dexter.S08E02.HDTV.x264-ASAP/Dexter.S08E02.HDTV.x264-ASAP.mp4 -> /mnt/caviar/Television/Dexter/Dexter S08/Dexter.S08E02.HDTV.x264-ASAP.mp4
[Mon Jul  8 11:11:53 EDT 2013]--------------------------
[Mon Jul  8 19:03:37 EDT 2013]--------------------------
[Tue Jul  9 00:10:41 EDT 2013]--------------------------
[Wed Jul 10 11:07:20 EDT 2013]--------------------------
[Wed Jul 10 14:40:05 EDT 2013]--------------------------
[Wed Jul 10 15:28:20 EDT 2013]--------------------------
[Wed Jul 10 15:29:04 EDT 2013]--------------------------
[Wed Jul 10 19:20:42 EDT 2013]--------------------------
[Wed Jul 10 23:04:03 EDT 2013]--------------------------
[Wed Jul 10 23:52:49 EDT 2013]--------------------------
[Thu Jul 11 00:36:52 EDT 2013]--------------------------
[Thu Jul 11 08:37:33 EDT 2013]--------------------------
[Thu Jul 11 08:41:46 EDT 2013]--------------------------
[Thu Jul 11 10:10:20 EDT 2013]--------------------------
[Thu Jul 11 16:51:59 EDT 2013]--------------------------
[Thu Jul 11 19:07:03 EDT 2013]--------------------------
[93mExtracting the.soup.2013.07.10.hdtv.x264-sys.rar...[0m
/mnt/rosewill/Seeding/The.Soup.2013.07.10.HDTV.x264-SYS/the.soup.2013.07.10.hdtv.x264-sys.mp4 -> /mnt/caviar/Television/The Soup/the.soup.2013.07.10.hdtv.x264-sys.mp4
[Fri Jul 12 08:25:27 EDT 2013]--------------------------
[Fri Jul 12 10:59:44 EDT 2013]--------------------------
[Fri Jul 12 11:56:24 EDT 2013]--------------------------
[93mExtracting intervention.s14e04.hdtv.x264-killers.rar...[0m
/mnt/rosewill/Seeding/Intervention.S14E04.HDTV.x264-KILLERS/intervention.s14e04.hdtv.x264-killers.mp4 -> /mnt/caviar/Television/Intervention/Intervention S14/intervention.s14e04.hdtv.x264-killers.mp4
[Fri Jul 12 13:59:03 EDT 2013]--------------------------
[Fri Jul 12 15:43:47 EDT 2013]--------------------------
[Sat Jul 13 02:13:47 EDT 2013]--------------------------
[Sat Jul 13 02:15:40 EDT 2013]--------------------------
[Sat Jul 13 02:37:17 EDT 2013]--------------------------
[Sun Jul 14 21:59:25 EDT 2013]--------------------------
[93mExtracting dexter.s08e03.hdtv.x264-asap.rar...[0m
/mnt/rosewill/Seeding/Dexter.S08E03.HDTV.x264-ASAP/Dexter.S08E03.HDTV.x264-ASAP.mp4 -> /mnt/caviar/Television/Dexter/Dexter S08/Dexter.S08E03.HDTV.x264-ASAP.mp4
[Mon Jul 15 14:14:21 EDT 2013]--------------------------
[Mon Jul 15 19:39:28 EDT 2013]--------------------------
[Mon Jul 15 20:09:42 EDT 2013]--------------------------
[Mon Jul 15 21:06:47 EDT 2013]--------------------------
[Tue Jul 16 05:03:15 EDT 2013]--------------------------
[Wed Jul 17 22:28:57 EDT 2013]--------------------------
[Wed Jul 17 23:42:02 EDT 2013]--------------------------
[93mExtracting the.soup.2013.07.17.hdtv.x264-sys.rar...[0m
/mnt/rosewill/Seeding/The.Soup.2013.07.17.HDTV.x264-SYS/the.soup.2013.07.17.hdtv.x264-sys.mp4 -> /mnt/caviar/Television/The Soup/the.soup.2013.07.17.hdtv.x264-sys.mp4
[Thu Jul 18 20:36:09 EDT 2013]--------------------------
[Thu Jul 18 20:41:06 EDT 2013]--------------------------
[Thu Jul 18 22:11:44 EDT 2013]--------------------------
[93mExtracting intervention.s14e05.hdtv.x264-killers.rar...[0m
/mnt/rosewill/Seeding/Intervention.S14E05.HDTV.x264-KILLERS/intervention.s14e05.hdtv.x264-killers.mp4 -> /mnt/caviar/Television/Intervention/Intervention S14/intervention.s14e05.hdtv.x264-killers.mp4
[Fri Jul 19 10:24:39 EDT 2013]--------------------------
[Fri Jul 19 10:25:48 EDT 2013]--------------------------
[Fri Jul 19 10:26:52 EDT 2013]--------------------------
[Fri Jul 19 10:27:38 EDT 2013]--------------------------
[Fri Jul 19 10:27:59 EDT 2013]--------------------------
[Fri Jul 19 10:29:16 EDT 2013]--------------------------
[Fri Jul 19 10:29:39 EDT 2013]--------------------------
[Fri Jul 19 10:31:08 EDT 2013]--------------------------
[Fri Jul 19 10:32:23 EDT 2013]--------------------------
[Fri Jul 19 12:05:41 EDT 2013]--------------------------
[Sun Jul 21 21:59:50 EDT 2013]--------------------------
[93mExtracting dexter.s08e04.hdtv.x264-evolve.rar...[0m
/mnt/rosewill/Seeding/Dexter.S08E04.HDTV.x264-EVOLVE/Dexter.S08E04.HDTV.x264-EVOLVE.mp4 -> /mnt/caviar/Television/Dexter/Dexter S08/Dexter.S08E04.HDTV.x264-EVOLVE.mp4
[Mon Jul 22 09:55:58 EDT 2013]--------------------------
[Mon Jul 22 10:14:54 EDT 2013]--------------------------
[Mon Jul 22 11:07:45 EDT 2013]--------------------------
[Mon Jul 22 11:53:32 EDT 2013]--------------------------
[Mon Jul 22 21:04:44 EDT 2013]--------------------------
[Mon Jul 22 21:05:50 EDT 2013]--------------------------
[Wed Jul 24 22:32:14 EDT 2013]--------------------------
[Wed Jul 24 23:00:28 EDT 2013]--------------------------
[93mExtracting the.soup.2013.07.24.hdtv.x264-bajskorv.rar...[0m
/mnt/rosewill/Seeding/The.Soup.2013.07.24.HDTV.x264-BAJSKORV/the.soup.2013.07.24.hdtv.x264-bajskorv.mp4 -> /mnt/caviar/Television/The Soup/the.soup.2013.07.24.hdtv.x264-bajskorv.mp4
[Sun Jul 28 23:43:05 EDT 2013]--------------------------
[Sun Jul 28 23:59:43 EDT 2013]--------------------------
[Mon Jul 29 09:51:18 EDT 2013]--------------------------
[Mon Jul 29 11:49:13 EDT 2013]--------------------------
[Mon Jul 29 13:27:26 EDT 2013]--------------------------
[93mExtracting dexter.s08e05.hdtv.x264-asap.rar...[0m
/mnt/rosewill/Seeding/Dexter.S08E05.HDTV.x264-ASAP/Dexter.S08E05.HDTV.x264-ASAP.mp4 -> /mnt/caviar/Television/Dexter/Dexter S08/Dexter.S08E05.HDTV.x264-ASAP.mp4
[Mon Jul 29 14:57:31 EDT 2013]--------------------------
[Sun Aug  4 12:57:10 EDT 2013]--------------------------
[Sun Aug  4 13:00:50 EDT 2013]--------------------------
[Sun Aug  4 13:01:52 EDT 2013]--------------------------
[Sun Aug  4 13:03:04 EDT 2013]--------------------------
[Sun Aug  4 13:03:26 EDT 2013]--------------------------
[Sun Aug  4 13:05:36 EDT 2013]--------------------------
[Sun Aug  4 13:06:01 EDT 2013]--------------------------
[Sun Aug  4 13:06:47 EDT 2013]--------------------------
[Sun Aug  4 13:07:09 EDT 2013]--------------------------
[Sun Aug  4 13:07:44 EDT 2013]--------------------------
[Sun Aug  4 13:08:06 EDT 2013]--------------------------
[Sun Aug  4 13:08:53 EDT 2013]--------------------------
[Sun Aug  4 13:09:15 EDT 2013]--------------------------
[Sun Aug  4 13:09:38 EDT 2013]--------------------------
[Sun Aug  4 13:10:02 EDT 2013]--------------------------
[Sun Aug  4 13:10:31 EDT 2013]--------------------------
[Sun Aug  4 13:10:54 EDT 2013]--------------------------
[Sun Aug  4 13:11:40 EDT 2013]--------------------------
[Sun Aug  4 13:12:06 EDT 2013]--------------------------
[Sun Aug  4 13:12:29 EDT 2013]--------------------------
[Sun Aug  4 13:12:52 EDT 2013]--------------------------
[Sun Aug  4 13:13:16 EDT 2013]--------------------------
[Sun Aug  4 13:13:40 EDT 2013]--------------------------
[Sun Aug  4 13:14:01 EDT 2013]--------------------------
[Sun Aug  4 13:14:22 EDT 2013]--------------------------
[Sun Aug  4 13:14:43 EDT 2013]--------------------------
[Sun Aug  4 13:15:34 EDT 2013]--------------------------
[Sun Aug  4 13:16:34 EDT 2013]--------------------------
[Sun Aug  4 13:18:27 EDT 2013]--------------------------
[Sun Aug  4 13:19:08 EDT 2013]--------------------------
[Sun Aug  4 13:52:32 EDT 2013]--------------------------
[Sun Aug  4 14:13:19 EDT 2013]--------------------------
[Sun Aug  4 14:40:30 EDT 2013]--------------------------
[Sun Aug  4 14:48:50 EDT 2013]--------------------------
[Sun Aug  4 14:59:25 EDT 2013]--------------------------
[Sun Aug  4 15:05:05 EDT 2013]--------------------------
[Sun Aug  4 15:07:35 EDT 2013]--------------------------
[Sun Aug  4 22:01:34 EDT 2013]--------------------------
[93mExtracting dexter.s08e06.hdtv.x264-evolve.rar...[0m
/mnt/rosewill/Seeding/Dexter.S08E06.HDTV.x264-EVOLVE/Dexter.S08E06.HDTV.x264-EVOLVE.mp4 -> /mnt/caviar/Television/Dexter/Dexter S08/Dexter.S08E06.HDTV.x264-EVOLVE.mp4
[Sun Aug  4 22:11:22 EDT 2013]--------------------------
[Mon Aug  5 00:08:43 EDT 2013]--------------------------
[93mExtracting dexter.s08e06.proper.hdtv.x264-asap.rar...[0m
/mnt/rosewill/Seeding/Dexter.S08E06.PROPER.HDTV.x264-ASAP/Dexter.S08E06.PROPER.HDTV.x264-ASAP.mp4 -> /mnt/caviar/Television/Dexter/Dexter S08/Dexter.S08E06.PROPER.HDTV.x264-ASAP.mp4
[Mon Aug  5 00:38:56 EDT 2013]--------------------------
[Mon Aug  5 00:39:38 EDT 2013]--------------------------
[Mon Aug  5 00:41:35 EDT 2013]--------------------------
[Mon Aug  5 00:43:38 EDT 2013]--------------------------
[Mon Aug  5 00:44:19 EDT 2013]--------------------------
[Mon Aug  5 00:44:47 EDT 2013]--------------------------
[Mon Aug  5 15:18:15 EDT 2013]--------------------------
[Sun Aug 11 22:40:31 EDT 2013]--------------------------
[Mon Aug 12 02:13:44 EDT 2013]--------------------------
[Tue Aug 13 01:19:42 EDT 2013]--------------------------
[Tue Aug 13 02:41:43 EDT 2013]--------------------------
[Wed Aug 14 21:14:43 EDT 2013]--------------------------
[Wed Aug 14 21:15:04 EDT 2013]--------------------------
[Wed Aug 14 21:15:44 EDT 2013]--------------------------
[Wed Aug 14 21:16:13 EDT 2013]--------------------------
[Wed Aug 14 21:16:54 EDT 2013]--------------------------
[Wed Aug 14 22:20:28 EDT 2013]--------------------------
[Thu Aug 15 02:00:58 EDT 2013]--------------------------
[Thu Aug 15 02:03:37 EDT 2013]--------------------------
[Thu Aug 15 02:05:31 EDT 2013]--------------------------
[Thu Aug 15 02:05:52 EDT 2013]--------------------------
[Thu Aug 15 02:07:11 EDT 2013]--------------------------
[Thu Aug 15 02:08:09 EDT 2013]--------------------------
[Thu Aug 15 02:09:23 EDT 2013]--------------------------
[Thu Aug 15 02:10:00 EDT 2013]--------------------------
[Thu Aug 15 02:16:56 EDT 2013]--------------------------
[Thu Aug 15 02:17:36 EDT 2013]--------------------------
[Thu Aug 15 02:18:49 EDT 2013]--------------------------
[Thu Aug 15 02:20:42 EDT 2013]--------------------------
[Thu Aug 15 02:21:20 EDT 2013]--------------------------
[Thu Aug 15 02:25:05 EDT 2013]--------------------------
[93mExtracting dexter.s08e05.hdtv.x264-asap.rar...[0m
/mnt/rosewill/Seeding/Dexter.S08E05.HDTV.x264-ASAP/Dexter.S08E05.HDTV.x264-ASAP.mp4 -> /mnt/caviar/Television/Dexter/Dexter S08/Dexter.S08E05.HDTV.x264-ASAP.mp4
[Thu Aug 15 02:25:42 EDT 2013]--------------------------
[93mExtracting dexter.s08e06.proper.hdtv.x264-asap.rar...[0m
/mnt/rosewill/Seeding/Dexter.S08E06.PROPER.HDTV.x264-ASAP/Dexter.S08E06.PROPER.HDTV.x264-ASAP.mp4 -> /mnt/caviar/Television/Dexter/Dexter S08/Dexter.S08E06.PROPER.HDTV.x264-ASAP.mp4
[Thu Aug 15 02:26:15 EDT 2013]--------------------------
[Thu Aug 15 02:32:21 EDT 2013]--------------------------
[93mExtracting the.soup.2013.07.24.hdtv.x264-bajskorv.rar...[0m
/mnt/rosewill/Seeding/The.Soup.2013.07.24.HDTV.x264-BAJSKORV/the.soup.2013.07.24.hdtv.x264-bajskorv.mp4 -> /mnt/caviar/Television/The Soup/the.soup.2013.07.24.hdtv.x264-bajskorv.mp4
[Thu Aug 15 02:47:44 EDT 2013]--------------------------
[Thu Aug 15 02:53:10 EDT 2013]--------------------------
[Thu Aug 15 03:22:45 EDT 2013]--------------------------
[Thu Aug 15 03:37:28 EDT 2013]--------------------------
[Thu Aug 15 03:55:03 EDT 2013]--------------------------
[Thu Aug 15 04:14:18 EDT 2013]--------------------------
[Thu Aug 15 09:16:28 EDT 2013]--------------------------
[Thu Aug 15 13:03:22 EDT 2013]--------------------------
[Thu Aug 15 15:50:02 EDT 2013]--------------------------
[Thu Aug 15 16:58:54 EDT 2013]--------------------------
[Thu Aug 15 17:01:46 EDT 2013]--------------------------
[Thu Aug 15 18:34:06 EDT 2013]--------------------------
[Thu Aug 15 18:35:20 EDT 2013]--------------------------
[Fri Aug 16 20:23:43 EDT 2013]--------------------------
[Sat Aug 17 02:32:05 EDT 2013]--------------------------
[Sat Aug 17 15:20:56 EDT 2013]--------------------------
[Sat Aug 17 15:28:19 EDT 2013]--------------------------
[Sun Aug 18 11:27:00 EDT 2013]--------------------------
